2026-01-04T06:28:30.6766177Z,Updating submodules.,21ece07f-8714-4bc8-958a-f620133db7ff,0
2026-01-04T06:28:32.1171803Z,Preparing deployment for commit id '9b3ecfec-f'.,386aea27-9b5f-44ef-bdff-5c34d49dbf28,0
2026-01-04T06:28:32.8513744Z,PreDeployment: context.CleanOutputPath False,49d3cdf9-ca3a-449b-aef2-b6cff38c397d,0
2026-01-04T06:28:33.0274803Z,PreDeployment: context.OutputPath /home/site/wwwroot,47f436fa-a8c9-400a-9405-96726460a0a3,0
2026-01-04T06:28:33.2931853Z,Generating deployment script.,4ab304e8-9695-4d93-aa09-0b210cd5ab73,0
2026-01-04T06:28:33.4252104Z,NodeProjectOptimizer Initialized with repository path: /tmp/zipdeploy/extracted and output path: /home/site/wwwroot ,64bc58fb-c38c-436f-b23a-a729cb85bdd4,0
2026-01-04T06:28:33.5880731Z,Optimizing build...,aa1746db-3f40-457a-8e56-0348dd94ca0d,0
2026-01-04T06:28:33.7087606Z,Zipping node_modules...,2906beda-14b6-4716-88a4-d6def21eab7c,0
	2026-01-04T06:28:33.7127925Z,Command: /opt/Kudu/Scripts/absoluteTar.sh /tmp/zipdeploy/extracted/node_modules /tmp/zipdeploy/extracted/node_modules.tar.gz,,0
	2026-01-04T06:28:37.5005049Z,Zipped /tmp/zipdeploy/extracted/node_modules to /tmp/zipdeploy/extracted/node_modules.tar.gz done successfully,,0
2026-01-04T06:28:37.6224215Z,Zipped Node Modules to /tmp/zipdeploy/extracted/node_modules.tar.gz,a893d814-d52e-48b8-940b-21cc46168176,0
2026-01-04T06:28:37.7443872Z,Express Node Deploy: Running rsync...,31094ccc-71e0-4aad-ab8f-a741d9e15678,0
	2026-01-04T06:28:37.7481928Z,Command: /opt/Kudu/Scripts/parallel_rsync.sh /tmp/zipdeploy/extracted /home/site/wwwroot 8 /tmp/ False True node_modules ,,0
	2026-01-04T06:28:37.8160798Z,Run rsync from: /tmp/zipdeploy/extracted/ to: /home/site/wwwroot/ in 8 parallel threads,,0
	2026-01-04T06:28:37.8665673Z,Delete options: clean=False&comma; use manifest=True&comma; directory to ignore=node_modules,,0
	2026-01-04T06:28:37.8975009Z,Prev manifest = /home/site/deployments/641debb8-c827-4f0c-90e8-cdd21e88b008/manifest and next /home/site/deployments/9b3ecfec-ff03-41c5-a1bd-2ae64f2ec659/manifest,,0
	2026-01-04T06:28:37.9165776Z,Cleaning up /tmp//filelist.txt and /tmp//splits,,0
	2026-01-04T06:28:37.9363472Z,Creating a list of all files at /tmp//filelist.txt,,0
	2026-01-04T06:28:37.9672705Z,Excluding: node_modules,,0
	2026-01-04T06:28:38.0054117Z,Created /tmp//filelist.txt. Total number of files to be synced = 6.,,0
	2026-01-04T06:28:38.0887446Z,Created batches from the list of files. Processing 1 files in each thread,,0
	2026-01-04T06:28:38.3494387Z,Running rsync for filelist /tmp//splits/split.aa from /tmp/zipdeploy/extracted/ to /home/site/wwwroot/,,0
	2026-01-04T06:28:38.4787715Z,Running rsync for filelist /tmp//splits/split.ae from /tmp/zipdeploy/extracted/ to /home/site/wwwroot/,,0
	2026-01-04T06:28:38.5290740Z,Running rsync for filelist /tmp//splits/split.af from /tmp/zipdeploy/extracted/ to /home/site/wwwroot/,,0
	2026-01-04T06:28:38.5885474Z,Running rsync for filelist /tmp//splits/split.ab from /tmp/zipdeploy/extracted/ to /home/site/wwwroot/,,0
	2026-01-04T06:28:38.6414612Z,Running rsync for filelist /tmp//splits/split.ac from /tmp/zipdeploy/extracted/ to /home/site/wwwroot/,,0
	2026-01-04T06:28:38.6714940Z,Running rsync for filelist /tmp//splits/split.ad from /tmp/zipdeploy/extracted/ to /home/site/wwwroot/,,0
	2026-01-04T06:28:38.6774040Z,,,0
	2026-01-04T06:28:38.6817145Z,Number of files: 1 (reg: 1),,0
	2026-01-04T06:28:38.6858865Z,Number of created files: 0,,0
	2026-01-04T06:28:38.6974363Z,Number of deleted files: 0,,0
	2026-01-04T06:28:38.7214875Z,Number of regular files transferred: 0,,0
	2026-01-04T06:28:38.7342156Z,Total file size: 472 bytes,,0
	2026-01-04T06:28:38.7383751Z,Total transferred file size: 0 bytes,,0
	2026-01-04T06:28:38.7431697Z,Literal data: 0 bytes,,0
	2026-01-04T06:28:38.7500370Z,Matched data: 0 bytes,,0
	2026-01-04T06:28:38.7556714Z,File list size: 0,,0
	2026-01-04T06:28:38.7599085Z,File list generation time: 0.009 seconds,,0
	2026-01-04T06:28:38.7658007Z,File list transfer time: 0.000 seconds,,0
	2026-01-04T06:28:38.7706453Z,Total bytes sent: 113,,0
	2026-01-04T06:28:38.7828482Z,Total bytes received: 19,,0
	2026-01-04T06:28:38.8253432Z,,,0
	2026-01-04T06:28:38.8303012Z,sent 113 bytes  received 19 bytes  264.00 bytes/sec,,0
	2026-01-04T06:28:38.8354715Z,total size is 472  speedup is 3.58,,0
	2026-01-04T06:28:38.8406175Z,Attempt 1: Rsync for filelist /tmp//splits/split.ab completed with exit code 0,,0
	2026-01-04T06:28:38.8449585Z,,,0
	2026-01-04T06:28:38.8507870Z,Number of files: 1 (reg: 1),,0
	2026-01-04T06:28:38.8548476Z,Number of created files: 0,,0
	2026-01-04T06:28:38.8955421Z,Number of deleted files: 0,,0
	2026-01-04T06:28:38.9538678Z,Number of regular files transferred: 0,,0
	2026-01-04T06:28:38.9851043Z,Total file size: 580 bytes,,0
	2026-01-04T06:28:39.0356944Z,Total transferred file size: 0 bytes,,0
	2026-01-04T06:28:39.0843134Z,Literal data: 0 bytes,,0
	2026-01-04T06:28:39.1054670Z,Matched data: 0 bytes,,0
	2026-01-04T06:28:39.1369482Z,File list size: 0,,0
	2026-01-04T06:28:39.1756098Z,File list generation time: 0.001 seconds,,0
	2026-01-04T06:28:39.2054788Z,File list transfer time: 0.000 seconds,,0
	2026-01-04T06:28:39.2266265Z,Total bytes sent: 117,,0
	2026-01-04T06:28:39.2549424Z,Total bytes received: 19,,0
	2026-01-04T06:28:39.2767654Z,,,0
	2026-01-04T06:28:39.3277997Z,sent 117 bytes  received 19 bytes  272.00 bytes/sec,,0
	2026-01-04T06:28:39.3574184Z,total size is 580  speedup is 4.26,,0
	2026-01-04T06:28:39.4180201Z,Attempt 1: Rsync for filelist /tmp//splits/split.aa completed with exit code 0,,0
	2026-01-04T06:28:39.4790744Z,,,0
	2026-01-04T06:28:39.5187414Z,Number of files: 1 (reg: 1),,0
	2026-01-04T06:28:39.6073715Z,Number of created files: 0,,0
	2026-01-04T06:28:39.7190272Z,Number of deleted files: 0,,0
	2026-01-04T06:28:39.7585322Z,Number of regular files transferred: 0,,0
	2026-01-04T06:28:39.8088870Z,Total file size: 6.56K bytes,,0
	2026-01-04T06:28:39.8396354Z,Total transferred file size: 0 bytes,,0
	2026-01-04T06:28:39.8882343Z,Literal data: 0 bytes,,0
	2026-01-04T06:28:39.9287525Z,Matched data: 0 bytes,,0
	2026-01-04T06:28:39.9716031Z,File list size: 0,,0
	2026-01-04T06:28:40.0398046Z,File list generation time: 0.001 seconds,,0
	2026-01-04T06:28:40.1424387Z,File list transfer time: 0.000 seconds,,0
	2026-01-04T06:28:40.2114382Z,Total bytes sent: 109,,0
	2026-01-04T06:28:40.2423260Z,Total bytes received: 19,,0
	2026-01-04T06:28:40.3005975Z,,,0
	2026-01-04T06:28:40.3716137Z,sent 109 bytes  received 19 bytes  256.00 bytes/sec,,0
	2026-01-04T06:28:40.4040703Z,total size is 6.56K  speedup is 51.27,,0
	2026-01-04T06:28:40.4942339Z,Attempt 1: Rsync for filelist /tmp//splits/split.ad completed with exit code 0,,0
	2026-01-04T06:28:40.5342425Z,,,0
	2026-01-04T06:28:40.5650538Z,Number of files: 1 (reg: 1),,0
	2026-01-04T06:28:40.6020714Z,Number of created files: 0,,0
	2026-01-04T06:28:40.6237085Z,Number of deleted files: 0,,0
	2026-01-04T06:28:40.6726559Z,Number of regular files transferred: 1,,0
	2026-01-04T06:28:40.7237996Z,Total file size: 27.69K bytes,,0
	2026-01-04T06:28:40.7344202Z,Total transferred file size: 27.69K bytes,,0
	2026-01-04T06:28:40.7848339Z,Literal data: 27.69K bytes,,0
	2026-01-04T06:28:40.8062647Z,Matched data: 0 bytes,,0
	2026-01-04T06:28:40.8365108Z,File list size: 0,,0
	2026-01-04T06:28:40.8865024Z,File list generation time: 0.001 seconds,,0
	2026-01-04T06:28:40.9145508Z,File list transfer time: 0.000 seconds,,0
	2026-01-04T06:28:40.9365700Z,Total bytes sent: 5.80K,,0
	2026-01-04T06:28:40.9743252Z,Total bytes received: 35,,0
	2026-01-04T06:28:40.9952633Z,,,0
	2026-01-04T06:28:41.0361121Z,sent 5.80K bytes  received 35 bytes  11.67K bytes/sec,,0
	2026-01-04T06:28:41.0752270Z,total size is 27.69K  speedup is 4.74,,0
	2026-01-04T06:28:41.1162952Z,Attempt 1: Rsync for filelist /tmp//splits/split.ae completed with exit code 0,,0
	2026-01-04T06:28:41.1276852Z,,,0
	2026-01-04T06:28:41.1575653Z,Number of files: 1 (reg: 1),,0
	2026-01-04T06:28:41.1779414Z,Number of created files: 0,,0
	2026-01-04T06:28:41.2166318Z,Number of deleted files: 0,,0
	2026-01-04T06:28:41.2569119Z,Number of regular files transferred: 1,,0
	2026-01-04T06:28:41.2675950Z,Total file size: 72.63K bytes,,0
	2026-01-04T06:28:41.2987266Z,Total transferred file size: 72.63K bytes,,0
	2026-01-04T06:28:41.3276588Z,Literal data: 72.63K bytes,,0
	2026-01-04T06:28:41.3493685Z,Matched data: 0 bytes,,0
	2026-01-04T06:28:41.3866831Z,File list size: 0,,0
	2026-01-04T06:28:41.4277096Z,File list generation time: 0.001 seconds,,0
	2026-01-04T06:28:41.4396886Z,File list transfer time: 0.000 seconds,,0
	2026-01-04T06:28:41.4890038Z,Total bytes sent: 19.24K,,0
	2026-01-04T06:28:41.5095327Z,Total bytes received: 35,,0
	2026-01-04T06:28:41.5397056Z,,,0
	2026-01-04T06:28:41.5590965Z,sent 19.24K bytes  received 35 bytes  38.55K bytes/sec,,0
	2026-01-04T06:28:41.5993508Z,total size is 72.63K  speedup is 3.77,,0
	2026-01-04T06:28:41.6394840Z,Attempt 1: Rsync for filelist /tmp//splits/split.ac completed with exit code 0,,0
	2026-01-04T06:28:41.7105855Z,,,0
	2026-01-04T06:28:41.7211642Z,Number of files: 1 (reg: 1),,0
	2026-01-04T06:28:41.7597840Z,Number of created files: 0,,0
	2026-01-04T06:28:41.7814724Z,Number of deleted files: 0,,0
	2026-01-04T06:28:41.8195256Z,Number of regular files transferred: 1,,0
	2026-01-04T06:28:41.8402551Z,Total file size: 5.35M bytes,,0
	2026-01-04T06:28:41.8800358Z,Total transferred file size: 5.35M bytes,,0
	2026-01-04T06:28:41.8995796Z,Literal data: 5.35M bytes,,0
	2026-01-04T06:28:41.9309924Z,Matched data: 0 bytes,,0
	2026-01-04T06:28:41.9616256Z,File list size: 0,,0
	2026-01-04T06:28:42.0102384Z,File list generation time: 0.001 seconds,,0
	2026-01-04T06:28:42.0416856Z,File list transfer time: 0.000 seconds,,0
	2026-01-04T06:28:42.0799576Z,Total bytes sent: 5.35M,,0
	2026-01-04T06:28:42.1213903Z,Total bytes received: 35,,0
	2026-01-04T06:28:42.1311133Z,,,0
	2026-01-04T06:28:42.1372161Z,sent 5.35M bytes  received 35 bytes  10.71M bytes/sec,,0
	2026-01-04T06:28:42.1437335Z,total size is 5.35M  speedup is 1.00,,0
	2026-01-04T06:28:42.1528728Z,Attempt 1: Rsync for filelist /tmp//splits/split.af completed with exit code 0,,0
	2026-01-04T06:28:42.1602771Z,Deleting files not present in /tmp/zipdeploy/extracted/ from /home/site/wwwroot/ based on manifest file /home/site/deployments/641debb8-c827-4f0c-90e8-cdd21e88b008/manifest,,0
	2026-01-04T06:28:52.9818323Z,Number of files deleted: 5628. See /tmp//rsync_deletion_logs.txt for more details.,,0
	2026-01-04T06:28:53.0151808Z,create new manifest file at /home/site/deployments/9b3ecfec-ff03-41c5-a1bd-2ae64f2ec659/manifest,,0
	2026-01-04T06:28:53.0308067Z,Excluding node_modules in next manifest file,,0
	2026-01-04T06:28:53.0432247Z,Completed successfully in 15 seconds,,0
2026-01-04T06:28:53.2634556Z,Rsync completed to /home/site/wwwroot,61ae06df-d81c-4414-8c35-abbd2706f864,0
2026-01-04T06:28:53.4163296Z,Manifest created at /home/site/wwwroot,690c65fc-6e13-4b72-ae8c-9bd4a30f81b5,0
2026-01-04T06:28:53.5208395Z,Optimized build done with success: True,d4044444-76fa-4e3e-837a-b2663af54379,0
2026-01-04T06:28:53.6277012Z,Running post deployment command(s)...,f3a3a20b-c935-4a68-b120-fb948cb46a4e,0
2026-01-04T06:28:53.7387971Z,Triggering recycle (preview mode disabled).,701f53b9-591a-4375-8421-9adc0c76c0d5,0
2026-01-04T06:28:53.8859569Z,Deployment successful. deployer = Push-Deployer deploymentPath = ZipDeploy. Extract zip.,45d796c4-9cd6-4cf8-9261-c2faf7db7f00,0
