2026-01-04T05:19:46.3378467Z,Updating submodules.,8241aa14-6ec0-480e-a98d-dd1db59a6b90,0
2026-01-04T05:19:47.4894962Z,Preparing deployment for commit id '641debb8-c'.,3d777804-113f-49a7-adfd-bc9a0e38953f,0
2026-01-04T05:19:47.7788062Z,PreDeployment: context.CleanOutputPath False,6b4238d4-a11a-4cdf-b57a-23b9b35f8c0a,0
2026-01-04T05:19:48.0088477Z,PreDeployment: context.OutputPath /home/site/wwwroot,4e78cb39-c90e-42d2-8fba-6ea82d8667af,0
2026-01-04T05:19:48.2807016Z,Generating deployment script.,18c6702d-ac16-4e94-af7e-2203e71a4161,0
2026-01-04T05:19:48.6627660Z,NodeProjectOptimizer Initialized with repository path: /tmp/zipdeploy/extracted and output path: /home/site/wwwroot ,5527ab85-83ef-423a-848f-f233d609d671,0
2026-01-04T05:19:48.8268445Z,Optimizing build...,d331f573-6bf5-4ded-b111-ce631a2f969f,0
2026-01-04T05:19:48.9485000Z,Zipping node_modules...,07465fda-038f-4d79-b05b-76ca6925586f,0
	2026-01-04T05:19:48.9516878Z,Command: /opt/Kudu/Scripts/absoluteTar.sh /tmp/zipdeploy/extracted/node_modules /tmp/zipdeploy/extracted/node_modules.tar.gz,,0
	2026-01-04T05:19:53.0907481Z,Zipped /tmp/zipdeploy/extracted/node_modules to /tmp/zipdeploy/extracted/node_modules.tar.gz done successfully,,0
2026-01-04T05:19:53.2162762Z,Zipped Node Modules to /tmp/zipdeploy/extracted/node_modules.tar.gz,c56d5cbb-fed8-4f65-b840-f84001c74e2d,0
2026-01-04T05:19:53.3368097Z,Express Node Deploy: Running rsync...,40fc6d27-b169-41d0-bad2-defed6f26f45,0
	2026-01-04T05:19:53.3509991Z,Command: /opt/Kudu/Scripts/parallel_rsync.sh /tmp/zipdeploy/extracted /home/site/wwwroot 8 /tmp/ False True node_modules ,,0
	2026-01-04T05:19:53.9750973Z,Run rsync from: /tmp/zipdeploy/extracted/ to: /home/site/wwwroot/ in 8 parallel threads,,0
	2026-01-04T05:19:54.0453701Z,Delete options: clean=False&comma; use manifest=True&comma; directory to ignore=node_modules,,0
	2026-01-04T05:19:54.0764319Z,Prev manifest = /home/site/deployments/b468bdb2-361b-484e-b11d-8dcdadb81ba2/manifest and next /home/site/deployments/641debb8-c827-4f0c-90e8-cdd21e88b008/manifest,,0
	2026-01-04T05:19:54.1675088Z,Cleaning up /tmp//filelist.txt and /tmp//splits,,0
	2026-01-04T05:19:54.2483093Z,Creating a list of all files at /tmp//filelist.txt,,0
	2026-01-04T05:19:54.3389038Z,Excluding: node_modules,,0
	2026-01-04T05:19:54.3996046Z,Created /tmp//filelist.txt. Total number of files to be synced = 5634.,,0
	2026-01-04T05:19:54.4488034Z,Created batches from the list of files. Processing 705 files in each thread,,0
	2026-01-04T05:19:54.4782871Z,Running rsync for filelist /tmp//splits/split.aa from /tmp/zipdeploy/extracted/ to /home/site/wwwroot/,,0
	2026-01-04T05:19:54.5190907Z,Running rsync for filelist /tmp//splits/split.ab from /tmp/zipdeploy/extracted/ to /home/site/wwwroot/,,0
	2026-01-04T05:19:54.5377558Z,Running rsync for filelist /tmp//splits/split.ac from /tmp/zipdeploy/extracted/ to /home/site/wwwroot/,,0
	2026-01-04T05:19:54.5584779Z,Running rsync for filelist /tmp//splits/split.ad from /tmp/zipdeploy/extracted/ to /home/site/wwwroot/,,0
	2026-01-04T05:19:54.5707711Z,Running rsync for filelist /tmp//splits/split.ah from /tmp/zipdeploy/extracted/ to /home/site/wwwroot/,,0
	2026-01-04T05:19:54.6797374Z,Running rsync for filelist /tmp//splits/split.ae from /tmp/zipdeploy/extracted/ to /home/site/wwwroot/,,0
	2026-01-04T05:19:54.7305660Z,Running rsync for filelist /tmp//splits/split.af from /tmp/zipdeploy/extracted/ to /home/site/wwwroot/,,0
	2026-01-04T05:19:54.7617797Z,Running rsync for filelist /tmp//splits/split.ag from /tmp/zipdeploy/extracted/ to /home/site/wwwroot/,,0
	2026-01-04T05:19:57.9979122Z,,,0
	2026-01-04T05:19:58.0240010Z,Number of files: 743 (reg: 705&comma; dir: 38),,0
	2026-01-04T05:19:58.0353593Z,Number of created files: 0,,0
	2026-01-04T05:19:58.0554697Z,Number of deleted files: 0,,0
	2026-01-04T05:19:58.0950698Z,Number of regular files transferred: 0,,0
	2026-01-04T05:19:58.1156829Z,Total file size: 1.82M bytes,,0
	2026-01-04T05:19:58.1462402Z,Total transferred file size: 0 bytes,,0
	2026-01-04T05:19:58.1640372Z,Literal data: 0 bytes,,0
	2026-01-04T05:19:58.1861717Z,Matched data: 0 bytes,,0
	2026-01-04T05:19:58.1952865Z,File list size: 0,,0
	2026-01-04T05:19:58.1987089Z,File list generation time: 2.261 seconds,,0
	2026-01-04T05:19:58.2080850Z,File list transfer time: 0.000 seconds,,0
	2026-01-04T05:19:58.2252691Z,Total bytes sent: 22.01K,,0
	2026-01-04T05:19:58.2453539Z,Total bytes received: 2.24K,,0
	2026-01-04T05:19:58.2576988Z,,,0
	2026-01-04T05:19:58.3162757Z,sent 22.01K bytes  received 2.24K bytes  6.93K bytes/sec,,0
	2026-01-04T05:19:58.3666111Z,total size is 1.82M  speedup is 74.93,,0
	2026-01-04T05:19:58.3866158Z,Attempt 1: Rsync for filelist /tmp//splits/split.ae completed with exit code 0,,0
	2026-01-04T05:19:58.4267841Z,,,0
	2026-01-04T05:19:58.4553012Z,Number of files: 745 (reg: 705&comma; dir: 40),,0
	2026-01-04T05:19:58.4775323Z,Number of created files: 0,,0
	2026-01-04T05:19:58.5064327Z,Number of deleted files: 0,,0
	2026-01-04T05:19:58.5447518Z,Number of regular files transferred: 0,,0
	2026-01-04T05:19:58.5852484Z,Total file size: 8.62M bytes,,0
	2026-01-04T05:19:58.6179033Z,Total transferred file size: 0 bytes,,0
	2026-01-04T05:19:58.6580928Z,Literal data: 0 bytes,,0
	2026-01-04T05:19:58.6978791Z,Matched data: 0 bytes,,0
	2026-01-04T05:19:58.7467367Z,File list size: 0,,0
	2026-01-04T05:19:58.7978309Z,File list generation time: 2.463 seconds,,0
	2026-01-04T05:19:58.8276425Z,File list transfer time: 0.000 seconds,,0
	2026-01-04T05:19:58.8688645Z,Total bytes sent: 20.70K,,0
	2026-01-04T05:19:58.9082476Z,Total bytes received: 2.25K,,0
	2026-01-04T05:19:58.9299391Z,,,0
	2026-01-04T05:19:58.9694732Z,sent 20.70K bytes  received 2.25K bytes  5.10K bytes/sec,,0
	2026-01-04T05:19:59.0280503Z,total size is 8.62M  speedup is 375.39,,0
	2026-01-04T05:19:59.0891969Z,Attempt 1: Rsync for filelist /tmp//splits/split.ac completed with exit code 0,,0
	2026-01-04T05:19:59.1080605Z,,,0
	2026-01-04T05:19:59.1596629Z,Number of files: 747 (reg: 705&comma; dir: 42),,0
	2026-01-04T05:19:59.1873570Z,Number of created files: 0,,0
	2026-01-04T05:19:59.2079268Z,Number of deleted files: 0,,0
	2026-01-04T05:19:59.2373394Z,Number of regular files transferred: 0,,0
	2026-01-04T05:19:59.2806389Z,Total file size: 1.92M bytes,,0
	2026-01-04T05:19:59.3208885Z,Total transferred file size: 0 bytes,,0
	2026-01-04T05:19:59.3605666Z,Literal data: 0 bytes,,0
	2026-01-04T05:19:59.3811021Z,Matched data: 0 bytes,,0
	2026-01-04T05:19:59.4292836Z,File list size: 0,,0
	2026-01-04T05:19:59.4504966Z,File list generation time: 2.502 seconds,,0
	2026-01-04T05:19:59.4711750Z,File list transfer time: 0.000 seconds,,0
	2026-01-04T05:19:59.5093199Z,Total bytes sent: 20.40K,,0
	2026-01-04T05:19:59.5314612Z,Total bytes received: 2.25K,,0
	2026-01-04T05:19:59.5420600Z,,,0
	2026-01-04T05:19:59.5712310Z,sent 20.40K bytes  received 2.25K bytes  5.03K bytes/sec,,0
	2026-01-04T05:19:59.5901671Z,total size is 1.92M  speedup is 84.61,,0
	2026-01-04T05:19:59.6810753Z,Attempt 1: Rsync for filelist /tmp//splits/split.ag completed with exit code 0,,0
	2026-01-04T05:19:59.6924673Z,,,0
	2026-01-04T05:19:59.7415067Z,Number of files: 751 (reg: 705&comma; dir: 46),,0
	2026-01-04T05:19:59.7723725Z,Number of created files: 0,,0
	2026-01-04T05:19:59.7928863Z,Number of deleted files: 0,,0
	2026-01-04T05:19:59.8318308Z,Number of regular files transferred: 0,,0
	2026-01-04T05:19:59.8614082Z,Total file size: 6.32M bytes,,0
	2026-01-04T05:19:59.8909865Z,Total transferred file size: 0 bytes,,0
	2026-01-04T05:19:59.9243327Z,Literal data: 0 bytes,,0
	2026-01-04T05:19:59.9642489Z,Matched data: 0 bytes,,0
	2026-01-04T05:19:59.9833158Z,File list size: 0,,0
	2026-01-04T05:20:00.0232565Z,File list generation time: 2.422 seconds,,0
	2026-01-04T05:20:00.1244646Z,File list transfer time: 0.000 seconds,,0
	2026-01-04T05:20:00.1932690Z,Total bytes sent: 20.82K,,0
	2026-01-04T05:20:00.2251992Z,Total bytes received: 2.26K,,0
	2026-01-04T05:20:00.2555581Z,,,0
	2026-01-04T05:20:00.2865066Z,sent 20.82K bytes  received 2.26K bytes  4.20K bytes/sec,,0
	2026-01-04T05:20:00.3260663Z,total size is 6.32M  speedup is 273.89,,0
	2026-01-04T05:20:00.3765140Z,Attempt 1: Rsync for filelist /tmp//splits/split.ad completed with exit code 0,,0
	2026-01-04T05:20:00.4355304Z,,,0
	2026-01-04T05:20:00.4854954Z,Number of files: 794 (reg: 705&comma; dir: 89),,0
	2026-01-04T05:20:00.5052143Z,Number of created files: 0,,0
	2026-01-04T05:20:00.5346968Z,Number of deleted files: 0,,0
	2026-01-04T05:20:00.5762591Z,Number of regular files transferred: 0,,0
	2026-01-04T05:20:00.6164420Z,Total file size: 2.62M bytes,,0
	2026-01-04T05:20:00.6375417Z,Total transferred file size: 0 bytes,,0
	2026-01-04T05:20:00.6676490Z,Literal data: 0 bytes,,0
	2026-01-04T05:20:00.7266577Z,Matched data: 0 bytes,,0
	2026-01-04T05:20:00.7679643Z,File list size: 0,,0
	2026-01-04T05:20:00.7977985Z,File list generation time: 2.231 seconds,,0
	2026-01-04T05:20:00.8264465Z,File list transfer time: 0.000 seconds,,0
	2026-01-04T05:20:00.8565946Z,Total bytes sent: 19.74K,,0
	2026-01-04T05:20:00.8891947Z,Total bytes received: 2.35K,,0
	2026-01-04T05:20:00.9082682Z,,,0
	2026-01-04T05:20:00.9280016Z,sent 19.74K bytes  received 2.35K bytes  4.02K bytes/sec,,0
	2026-01-04T05:20:00.9575321Z,total size is 2.62M  speedup is 118.47,,0
	2026-01-04T05:20:00.9872269Z,Attempt 1: Rsync for filelist /tmp//splits/split.ab completed with exit code 0,,0
	2026-01-04T05:20:01.0387075Z,,,0
	2026-01-04T05:20:01.0798167Z,Number of files: 808 (reg: 705&comma; dir: 103),,0
	2026-01-04T05:20:01.1004291Z,Number of created files: 0,,0
	2026-01-04T05:20:01.1296189Z,Number of deleted files: 0,,0
	2026-01-04T05:20:01.1509165Z,Number of regular files transferred: 0,,0
	2026-01-04T05:20:01.1808834Z,Total file size: 2.87M bytes,,0
	2026-01-04T05:20:01.2100013Z,Total transferred file size: 0 bytes,,0
	2026-01-04T05:20:01.3195998Z,Literal data: 0 bytes,,0
	2026-01-04T05:20:01.3486109Z,Matched data: 0 bytes,,0
	2026-01-04T05:20:01.6112281Z,File list size: 0,,0
	2026-01-04T05:20:01.7436064Z,File list generation time: 2.431 seconds,,0
	2026-01-04T05:20:01.9320091Z,File list transfer time: 0.000 seconds,,0
	2026-01-04T05:20:01.9742813Z,Total bytes sent: 20.37K,,0
	2026-01-04T05:20:02.0239716Z,Total bytes received: 2.39K,,0
	2026-01-04T05:20:02.2156212Z,,,0
	2026-01-04T05:20:02.3869107Z,sent 20.37K bytes  received 2.39K bytes  5.06K bytes/sec,,0
	2026-01-04T05:20:02.5648959Z,total size is 2.87M  speedup is 126.17,,0
	2026-01-04T05:20:02.6657343Z,Attempt 1: Rsync for filelist /tmp//splits/split.af completed with exit code 0,,0
	2026-01-04T05:20:02.7782470Z,,,0
	2026-01-04T05:20:02.9272282Z,Number of files: 888 (reg: 705&comma; dir: 183),,0
	2026-01-04T05:20:02.9584535Z,Number of created files: 2 (reg: 2),,0
	2026-01-04T05:20:03.0688417Z,Number of deleted files: 0,,0
	2026-01-04T05:20:03.3102755Z,Number of regular files transferred: 2,,0
	2026-01-04T05:20:03.5123686Z,Total file size: 7.20M bytes,,0
	2026-01-04T05:20:03.5930964Z,Total transferred file size: 5.42M bytes,,0
	2026-01-04T05:20:03.7021948Z,Literal data: 5.42M bytes,,0
	2026-01-04T05:20:03.8013435Z,Matched data: 0 bytes,,0
	2026-01-04T05:20:03.8533431Z,File list size: 0,,0
	2026-01-04T05:20:03.9227356Z,File list generation time: 1.676 seconds,,0
	2026-01-04T05:20:03.9843392Z,File list transfer time: 0.000 seconds,,0
	2026-01-04T05:20:04.0538374Z,Total bytes sent: 5.39M,,0
	2026-01-04T05:20:04.1837213Z,Total bytes received: 2.62K,,0
	2026-01-04T05:20:04.2741340Z,,,0
	2026-01-04T05:20:04.3849666Z,sent 5.39M bytes  received 2.62K bytes  980.94K bytes/sec,,0
	2026-01-04T05:20:04.5564991Z,total size is 7.20M  speedup is 1.34,,0
	2026-01-04T05:20:04.5957913Z,Attempt 1: Rsync for filelist /tmp//splits/split.aa completed with exit code 0,,0
	2026-01-04T05:20:04.6178644Z,,,0
	2026-01-04T05:20:04.7173545Z,Number of files: 882 (reg: 699&comma; dir: 183),,0
	2026-01-04T05:20:04.7764003Z,Number of created files: 0,,0
	2026-01-04T05:20:04.8480986Z,Number of deleted files: 0,,0
	2026-01-04T05:20:04.9568683Z,Number of regular files transferred: 0,,0
	2026-01-04T05:20:04.9788740Z,Total file size: 3.43M bytes,,0
	2026-01-04T05:20:05.0501879Z,Total transferred file size: 0 bytes,,0
	2026-01-04T05:20:05.1106145Z,Literal data: 0 bytes,,0
	2026-01-04T05:20:05.1704271Z,Matched data: 0 bytes,,0
	2026-01-04T05:20:05.2206559Z,File list size: 0,,0
	2026-01-04T05:20:05.2916273Z,File list generation time: 1.951 seconds,,0
	2026-01-04T05:20:05.3517561Z,File list transfer time: 0.000 seconds,,0
	2026-01-04T05:20:05.4311328Z,Total bytes sent: 20.75K,,0
	2026-01-04T05:20:05.5615433Z,Total bytes received: 2.58K,,0
	2026-01-04T05:20:05.6611676Z,,,0
	2026-01-04T05:20:05.8425791Z,sent 20.75K bytes  received 2.58K bytes  5.19K bytes/sec,,0
	2026-01-04T05:20:05.8945209Z,total size is 3.43M  speedup is 146.97,,0
	2026-01-04T05:20:05.9648861Z,Attempt 1: Rsync for filelist /tmp//splits/split.ah completed with exit code 0,,0
	2026-01-04T05:20:06.0761997Z,Deleting files not present in /tmp/zipdeploy/extracted/ from /home/site/wwwroot/ based on manifest file /home/site/deployments/b468bdb2-361b-484e-b11d-8dcdadb81ba2/manifest,,0
	2026-01-04T05:20:11.6167285Z,Number of files deleted: 0. See /tmp//rsync_deletion_logs.txt for more details.,,0
	2026-01-04T05:20:11.6476834Z,create new manifest file at /home/site/deployments/641debb8-c827-4f0c-90e8-cdd21e88b008/manifest,,0
	2026-01-04T05:20:11.6858114Z,Excluding node_modules in next manifest file,,0
	2026-01-04T05:20:11.7066009Z,Completed successfully in 18 seconds,,0
2026-01-04T05:20:11.8402963Z,Rsync completed to /home/site/wwwroot,5d6b6634-eedd-4536-8e01-72f34106cd76,0
2026-01-04T05:20:11.9814435Z,Manifest created at /home/site/wwwroot,01d4940e-e955-41df-a6f2-7e4bc260e199,0
2026-01-04T05:20:12.0729065Z,Optimized build done with success: True,7966bf5d-ce13-4993-afda-926a60dc0359,0
2026-01-04T05:20:12.1756122Z,Running post deployment command(s)...,2541a878-3fbe-4a47-89c7-e37551c7a5c4,0
2026-01-04T05:20:12.3267029Z,Triggering recycle (preview mode disabled).,79ecb7e4-1e80-4db0-bcc5-ce06df020a2b,0
2026-01-04T05:20:12.5207495Z,Deployment successful. deployer = Push-Deployer deploymentPath = ZipDeploy. Extract zip.,0e3c5dcd-bf51-43d3-a5b4-1e5155e557e3,0
